<?xml version="1.0" encoding="UTF-8"?>
<testsuites>
  <testsuite name="nuxeo_successful_login_page" timestamp="2016-12-06T10:54:53" time="9.483" tests="1" failures="0" errors="0" skipped="0">
    <properties>
      <property name="specId" value="11d666f2664c47ae24e01203f151d3e7"/>
      <property name="suiteName" value="Nuxeo successful login page"/>
      <property name="capabilities" value="chrome"/>
    </properties>
    <testcase classname="chrome.Nuxeo successful login page" name="should login successfully when given correct login" time="9.481">
      <system-out>
        <![CDATA[
COMMAND: POST http://127.0.0.1:4444/wd/hub/session/a6f6ae05-891e-43c6-bdef-4b81327b0ff6/url - {"url":"http://localhost:8080/"}
RESULT: {"state":"success","sessionId":"a6f6ae05-891e-43c6-bdef-4b81327b0ff6","hCode":131110987,"value":null,"class":"org.openqa.selenium.remote.Response","status":0}
COMMAND: POST http://127.0.0.1:4444/wd/hub/session/a6f6ae05-891e-43c6-bdef-4b81327b0ff6/elements - {"using":"css selector","value":"#username.login_input"}
RESULT: {"state":"success","sessionId":"a6f6ae05-891e-43c6-bdef-4b81327b0ff6","hCode":242690925,"value":[{"ELEMENT":"0"}],"class":"org.openqa.selenium.remote.Response","status":0}
COMMAND: POST http://127.0.0.1:4444/wd/hub/session/a6f6ae05-891e-43c6-bdef-4b81327b0ff6/element/0/clear - {}
RESULT: {"state":"success","sessionId":"a6f6ae05-891e-43c6-bdef-4b81327b0ff6","hCode":391990483,"value":null,"class":"org.openqa.selenium.remote.Response","status":0}
COMMAND: POST http://127.0.0.1:4444/wd/hub/session/a6f6ae05-891e-43c6-bdef-4b81327b0ff6/element/0/value - {"value":["A","d","m","i","n","i","s","t","r","a","(3 more items)"]}
RESULT: {"state":"success","sessionId":"a6f6ae05-891e-43c6-bdef-4b81327b0ff6","hCode":369624131,"value":null,"class":"org.openqa.selenium.remote.Response","status":0}
COMMAND: POST http://127.0.0.1:4444/wd/hub/session/a6f6ae05-891e-43c6-bdef-4b81327b0ff6/elements - {"using":"css selector","value":"#password.login_input"}
RESULT: {"state":"success","sessionId":"a6f6ae05-891e-43c6-bdef-4b81327b0ff6","hCode":354014217,"value":[{"ELEMENT":"1"}],"class":"org.openqa.selenium.remote.Response","status":0}
COMMAND: POST http://127.0.0.1:4444/wd/hub/session/a6f6ae05-891e-43c6-bdef-4b81327b0ff6/element/1/clear - {}
RESULT: {"state":"success","sessionId":"a6f6ae05-891e-43c6-bdef-4b81327b0ff6","hCode":1598309075,"value":null,"class":"org.openqa.selenium.remote.Response","status":0}
COMMAND: POST http://127.0.0.1:4444/wd/hub/session/a6f6ae05-891e-43c6-bdef-4b81327b0ff6/element/1/value - {"value":["A","d","m","i","n","i","s","t","r","a","(3 more items)"]}
RESULT: {"state":"success","sessionId":"a6f6ae05-891e-43c6-bdef-4b81327b0ff6","hCode":154697572,"value":null,"class":"org.openqa.selenium.remote.Response","status":0}
COMMAND: POST http://127.0.0.1:4444/wd/hub/session/a6f6ae05-891e-43c6-bdef-4b81327b0ff6/element - {"using":"css selector","value":".login_button"}
RESULT: {"state":"success","sessionId":"a6f6ae05-891e-43c6-bdef-4b81327b0ff6","hCode":1381653462,"value":{"ELEMENT":"2"},"class":"org.openqa.selenium.remote.Response","status":0}
COMMAND: POST http://127.0.0.1:4444/wd/hub/session/a6f6ae05-891e-43c6-bdef-4b81327b0ff6/element/2/click - {}
RESULT: {"state":"success","sessionId":"a6f6ae05-891e-43c6-bdef-4b81327b0ff6","hCode":1705219712,"value":null,"class":"org.openqa.selenium.remote.Response","status":0}
COMMAND: POST http://127.0.0.1:4444/wd/hub/session/a6f6ae05-891e-43c6-bdef-4b81327b0ff6/element - {"using":"id","value":"nxw_userMenuActions_dropDownMenu"}
RESULT: {"state":"success","sessionId":"a6f6ae05-891e-43c6-bdef-4b81327b0ff6","hCode":411832893,"value":{"ELEMENT":"3"},"class":"org.openqa.selenium.remote.Response","status":0}
COMMAND: POST http://127.0.0.1:4444/wd/hub/session/a6f6ae05-891e-43c6-bdef-4b81327b0ff6/element/3/click - {}
RESULT: {"state":"success","sessionId":"a6f6ae05-891e-43c6-bdef-4b81327b0ff6","hCode":1384484119,"value":null,"class":"org.openqa.selenium.remote.Response","status":0}
COMMAND: POST http://127.0.0.1:4444/wd/hub/session/a6f6ae05-891e-43c6-bdef-4b81327b0ff6/element - {"using":"id","value":"nxw_non_anonymous_logout"}
RESULT: {"state":"success","sessionId":"a6f6ae05-891e-43c6-bdef-4b81327b0ff6","hCode":1375860858,"value":{"ELEMENT":"4"},"class":"org.openqa.selenium.remote.Response","status":0}
COMMAND: POST http://127.0.0.1:4444/wd/hub/session/a6f6ae05-891e-43c6-bdef-4b81327b0ff6/element/4/click - {}
RESULT: {"state":"success","sessionId":"a6f6ae05-891e-43c6-bdef-4b81327b0ff6","hCode":728720172,"value":null,"class":"org.openqa.selenium.remote.Response","status":0}
]]>
      </system-out>
    </testcase>
  </testsuite>
  <testsuite name="nuxeo_fail_login_page" timestamp="2016-12-06T10:55:02" time="0.973" tests="1" failures="0" errors="0" skipped="0">
    <properties>
      <property name="specId" value="11d666f2664c47ae24e01203f151d3e7"/>
      <property name="suiteName" value="Nuxeo fail login page"/>
      <property name="capabilities" value="chrome"/>
    </properties>
    <testcase classname="chrome.Nuxeo fail login page" name="should not log in when given incorrect login" time="0.968">
      <system-out>
        <![CDATA[
COMMAND: POST http://127.0.0.1:4444/wd/hub/session/a6f6ae05-891e-43c6-bdef-4b81327b0ff6/url - {"url":"http://localhost:8080/"}
RESULT: {"state":"success","sessionId":"a6f6ae05-891e-43c6-bdef-4b81327b0ff6","hCode":1393201542,"value":null,"class":"org.openqa.selenium.remote.Response","status":0}
COMMAND: POST http://127.0.0.1:4444/wd/hub/session/a6f6ae05-891e-43c6-bdef-4b81327b0ff6/elements - {"using":"css selector","value":"#username.login_input"}
RESULT: {"state":"success","sessionId":"a6f6ae05-891e-43c6-bdef-4b81327b0ff6","hCode":756634565,"value":[{"ELEMENT":"5"}],"class":"org.openqa.selenium.remote.Response","status":0}
COMMAND: POST http://127.0.0.1:4444/wd/hub/session/a6f6ae05-891e-43c6-bdef-4b81327b0ff6/element/5/clear - {}
RESULT: {"state":"success","sessionId":"a6f6ae05-891e-43c6-bdef-4b81327b0ff6","hCode":1879489588,"value":null,"class":"org.openqa.selenium.remote.Response","status":0}
COMMAND: POST http://127.0.0.1:4444/wd/hub/session/a6f6ae05-891e-43c6-bdef-4b81327b0ff6/element/5/value - {"value":["A","d","m","i","n","i","s","t","r","a","(3 more items)"]}
RESULT: {"state":"success","sessionId":"a6f6ae05-891e-43c6-bdef-4b81327b0ff6","hCode":547411739,"value":null,"class":"org.openqa.selenium.remote.Response","status":0}
COMMAND: POST http://127.0.0.1:4444/wd/hub/session/a6f6ae05-891e-43c6-bdef-4b81327b0ff6/elements - {"using":"css selector","value":"#password.login_input"}
RESULT: {"state":"success","sessionId":"a6f6ae05-891e-43c6-bdef-4b81327b0ff6","hCode":664925224,"value":[{"ELEMENT":"6"}],"class":"org.openqa.selenium.remote.Response","status":0}
COMMAND: POST http://127.0.0.1:4444/wd/hub/session/a6f6ae05-891e-43c6-bdef-4b81327b0ff6/element/6/clear - {}
RESULT: {"state":"success","sessionId":"a6f6ae05-891e-43c6-bdef-4b81327b0ff6","hCode":1086397538,"value":null,"class":"org.openqa.selenium.remote.Response","status":0}
COMMAND: POST http://127.0.0.1:4444/wd/hub/session/a6f6ae05-891e-43c6-bdef-4b81327b0ff6/element/6/value - {"value":["g","i","b","b","e","r","i","s","h"]}
RESULT: {"state":"success","sessionId":"a6f6ae05-891e-43c6-bdef-4b81327b0ff6","hCode":98824018,"value":null,"class":"org.openqa.selenium.remote.Response","status":0}
COMMAND: POST http://127.0.0.1:4444/wd/hub/session/a6f6ae05-891e-43c6-bdef-4b81327b0ff6/element - {"using":"css selector","value":".login_button"}
RESULT: {"state":"success","sessionId":"a6f6ae05-891e-43c6-bdef-4b81327b0ff6","hCode":601745658,"value":{"ELEMENT":"7"},"class":"org.openqa.selenium.remote.Response","status":0}
COMMAND: POST http://127.0.0.1:4444/wd/hub/session/a6f6ae05-891e-43c6-bdef-4b81327b0ff6/element/7/click - {}
RESULT: {"state":"success","sessionId":"a6f6ae05-891e-43c6-bdef-4b81327b0ff6","hCode":192235549,"value":null,"class":"org.openqa.selenium.remote.Response","status":0}
COMMAND: POST http://127.0.0.1:4444/wd/hub/session/a6f6ae05-891e-43c6-bdef-4b81327b0ff6/elements - {"using":"css selector","value":".feedbackmessage.errormessage"}
RESULT: {"state":"success","sessionId":"a6f6ae05-891e-43c6-bdef-4b81327b0ff6","hCode":1126131485,"value":[{"ELEMENT":"8"}],"class":"org.openqa.selenium.remote.Response","status":0}
COMMAND: GET http://127.0.0.1:4444/wd/hub/session/a6f6ae05-891e-43c6-bdef-4b81327b0ff6/element/8/text - {}
RESULT: {"state":"success","sessionId":"a6f6ae05-891e-43c6-bdef-4b81327b0ff6","hCode":1495042387,"value":"Invalid username or password","class":"org.openqa.selenium.remote.Response","status":0}
COMMAND: DELETE http://127.0.0.1:4444/wd/hub/session/a6f6ae05-891e-43c6-bdef-4b81327b0ff6 - {}
RESULT: {"state":"success","sessionId":"a6f6ae05-891e-43c6-bdef-4b81327b0ff6","hCode":365572274,"value":null,"class":"org.openqa.selenium.remote.Response","status":0}
]]>
      </system-out>
    </testcase>
  </testsuite>
</testsuites>