<?xml version="1.0" encoding="UTF-8"?>
<testsuites>
  <testsuite name="nuxeo_successful_login_page" timestamp="2016-12-05T17:10:58" time="10.177" tests="1" failures="0" errors="0" skipped="0">
    <properties>
      <property name="specId" value="fa1891428ace872aaa496eefa1d0bfe7"/>
      <property name="suiteName" value="Nuxeo successful login page"/>
      <property name="capabilities" value="chrome"/>
    </properties>
    <testcase classname="chrome.Nuxeo successful login page" name="should login successfully when given correct login" time="10.177">
      <system-out>
        <![CDATA[
COMMAND: POST http://127.0.0.1:4444/wd/hub/session/302c7ae3-0aa8-4491-b403-b87d3c4e3630/url - {"url":"http://localhost:8080/"}
RESULT: {"state":"success","sessionId":"302c7ae3-0aa8-4491-b403-b87d3c4e3630","hCode":50178247,"value":null,"class":"org.openqa.selenium.remote.Response","status":0}
COMMAND: POST http://127.0.0.1:4444/wd/hub/session/302c7ae3-0aa8-4491-b403-b87d3c4e3630/elements - {"using":"css selector","value":"#username.login_input"}
RESULT: {"state":"success","sessionId":"302c7ae3-0aa8-4491-b403-b87d3c4e3630","hCode":445490472,"value":[{"ELEMENT":"0"}],"class":"org.openqa.selenium.remote.Response","status":0}
COMMAND: POST http://127.0.0.1:4444/wd/hub/session/302c7ae3-0aa8-4491-b403-b87d3c4e3630/element/0/clear - {}
RESULT: {"state":"success","sessionId":"302c7ae3-0aa8-4491-b403-b87d3c4e3630","hCode":1504427536,"value":null,"class":"org.openqa.selenium.remote.Response","status":0}
COMMAND: POST http://127.0.0.1:4444/wd/hub/session/302c7ae3-0aa8-4491-b403-b87d3c4e3630/element/0/value - {"value":["A","d","m","i","n","i","s","t","r","a","(3 more items)"]}
RESULT: {"state":"success","sessionId":"302c7ae3-0aa8-4491-b403-b87d3c4e3630","hCode":622142970,"value":null,"class":"org.openqa.selenium.remote.Response","status":0}
COMMAND: POST http://127.0.0.1:4444/wd/hub/session/302c7ae3-0aa8-4491-b403-b87d3c4e3630/elements - {"using":"css selector","value":"#password.login_input"}
RESULT: {"state":"success","sessionId":"302c7ae3-0aa8-4491-b403-b87d3c4e3630","hCode":1254169103,"value":[{"ELEMENT":"1"}],"class":"org.openqa.selenium.remote.Response","status":0}
COMMAND: POST http://127.0.0.1:4444/wd/hub/session/302c7ae3-0aa8-4491-b403-b87d3c4e3630/element/1/clear - {}
RESULT: {"state":"success","sessionId":"302c7ae3-0aa8-4491-b403-b87d3c4e3630","hCode":1032995482,"value":null,"class":"org.openqa.selenium.remote.Response","status":0}
COMMAND: POST http://127.0.0.1:4444/wd/hub/session/302c7ae3-0aa8-4491-b403-b87d3c4e3630/element/1/value - {"value":["A","d","m","i","n","i","s","t","r","a","(3 more items)"]}
RESULT: {"state":"success","sessionId":"302c7ae3-0aa8-4491-b403-b87d3c4e3630","hCode":969744390,"value":null,"class":"org.openqa.selenium.remote.Response","status":0}
COMMAND: POST http://127.0.0.1:4444/wd/hub/session/302c7ae3-0aa8-4491-b403-b87d3c4e3630/element - {"using":"css selector","value":".login_button"}
RESULT: {"state":"success","sessionId":"302c7ae3-0aa8-4491-b403-b87d3c4e3630","hCode":905701424,"value":{"ELEMENT":"2"},"class":"org.openqa.selenium.remote.Response","status":0}
COMMAND: POST http://127.0.0.1:4444/wd/hub/session/302c7ae3-0aa8-4491-b403-b87d3c4e3630/element/2/click - {}
RESULT: {"state":"success","sessionId":"302c7ae3-0aa8-4491-b403-b87d3c4e3630","hCode":1999150562,"value":null,"class":"org.openqa.selenium.remote.Response","status":0}
COMMAND: POST http://127.0.0.1:4444/wd/hub/session/302c7ae3-0aa8-4491-b403-b87d3c4e3630/element - {"using":"id","value":"nxw_userMenuActions_dropDownMenu"}
RESULT: {"state":"success","sessionId":"302c7ae3-0aa8-4491-b403-b87d3c4e3630","hCode":1476499215,"value":{"ELEMENT":"3"},"class":"org.openqa.selenium.remote.Response","status":0}
COMMAND: POST http://127.0.0.1:4444/wd/hub/session/302c7ae3-0aa8-4491-b403-b87d3c4e3630/element/3/click - {}
RESULT: {"state":"success","sessionId":"302c7ae3-0aa8-4491-b403-b87d3c4e3630","hCode":144458009,"value":null,"class":"org.openqa.selenium.remote.Response","status":0}
COMMAND: POST http://127.0.0.1:4444/wd/hub/session/302c7ae3-0aa8-4491-b403-b87d3c4e3630/element - {"using":"id","value":"nxw_non_anonymous_logout"}
RESULT: {"state":"success","sessionId":"302c7ae3-0aa8-4491-b403-b87d3c4e3630","hCode":1657573970,"value":{"ELEMENT":"4"},"class":"org.openqa.selenium.remote.Response","status":0}
COMMAND: POST http://127.0.0.1:4444/wd/hub/session/302c7ae3-0aa8-4491-b403-b87d3c4e3630/element/4/click - {}
RESULT: {"state":"success","sessionId":"302c7ae3-0aa8-4491-b403-b87d3c4e3630","hCode":1371063396,"value":null,"class":"org.openqa.selenium.remote.Response","status":0}
]]>
      </system-out>
    </testcase>
  </testsuite>
  <testsuite name="nuxeo_fail_login_page" timestamp="2016-12-05T17:11:08" time="0.957" tests="1" failures="0" errors="0" skipped="0">
    <properties>
      <property name="specId" value="fa1891428ace872aaa496eefa1d0bfe7"/>
      <property name="suiteName" value="Nuxeo fail login page"/>
      <property name="capabilities" value="chrome"/>
    </properties>
    <testcase classname="chrome.Nuxeo fail login page" name="should not log in when given incorrect login" time="0.957">
      <system-out>
        <![CDATA[
COMMAND: POST http://127.0.0.1:4444/wd/hub/session/302c7ae3-0aa8-4491-b403-b87d3c4e3630/url - {"url":"http://localhost:8080/"}
RESULT: {"state":"success","sessionId":"302c7ae3-0aa8-4491-b403-b87d3c4e3630","hCode":89495731,"value":null,"class":"org.openqa.selenium.remote.Response","status":0}
COMMAND: POST http://127.0.0.1:4444/wd/hub/session/302c7ae3-0aa8-4491-b403-b87d3c4e3630/elements - {"using":"css selector","value":"#username.login_input"}
RESULT: {"state":"success","sessionId":"302c7ae3-0aa8-4491-b403-b87d3c4e3630","hCode":1865123209,"value":[{"ELEMENT":"5"}],"class":"org.openqa.selenium.remote.Response","status":0}
COMMAND: POST http://127.0.0.1:4444/wd/hub/session/302c7ae3-0aa8-4491-b403-b87d3c4e3630/element/5/clear - {}
RESULT: {"state":"success","sessionId":"302c7ae3-0aa8-4491-b403-b87d3c4e3630","hCode":1777583164,"value":null,"class":"org.openqa.selenium.remote.Response","status":0}
COMMAND: POST http://127.0.0.1:4444/wd/hub/session/302c7ae3-0aa8-4491-b403-b87d3c4e3630/element/5/value - {"value":["A","d","m","i","n","i","s","t","r","a","(3 more items)"]}
RESULT: {"state":"success","sessionId":"302c7ae3-0aa8-4491-b403-b87d3c4e3630","hCode":2130687618,"value":null,"class":"org.openqa.selenium.remote.Response","status":0}
COMMAND: POST http://127.0.0.1:4444/wd/hub/session/302c7ae3-0aa8-4491-b403-b87d3c4e3630/elements - {"using":"css selector","value":"#password.login_input"}
RESULT: {"state":"success","sessionId":"302c7ae3-0aa8-4491-b403-b87d3c4e3630","hCode":1472608750,"value":[{"ELEMENT":"6"}],"class":"org.openqa.selenium.remote.Response","status":0}
COMMAND: POST http://127.0.0.1:4444/wd/hub/session/302c7ae3-0aa8-4491-b403-b87d3c4e3630/element/6/clear - {}
RESULT: {"state":"success","sessionId":"302c7ae3-0aa8-4491-b403-b87d3c4e3630","hCode":1685256530,"value":null,"class":"org.openqa.selenium.remote.Response","status":0}
COMMAND: POST http://127.0.0.1:4444/wd/hub/session/302c7ae3-0aa8-4491-b403-b87d3c4e3630/element/6/value - {"value":["g","i","b","b","e","r","i","s","h"]}
RESULT: {"state":"success","sessionId":"302c7ae3-0aa8-4491-b403-b87d3c4e3630","hCode":324473796,"value":null,"class":"org.openqa.selenium.remote.Response","status":0}
COMMAND: POST http://127.0.0.1:4444/wd/hub/session/302c7ae3-0aa8-4491-b403-b87d3c4e3630/element - {"using":"css selector","value":".login_button"}
RESULT: {"state":"success","sessionId":"302c7ae3-0aa8-4491-b403-b87d3c4e3630","hCode":270531722,"value":{"ELEMENT":"7"},"class":"org.openqa.selenium.remote.Response","status":0}
COMMAND: POST http://127.0.0.1:4444/wd/hub/session/302c7ae3-0aa8-4491-b403-b87d3c4e3630/element/7/click - {}
RESULT: {"state":"success","sessionId":"302c7ae3-0aa8-4491-b403-b87d3c4e3630","hCode":1987100206,"value":null,"class":"org.openqa.selenium.remote.Response","status":0}
COMMAND: POST http://127.0.0.1:4444/wd/hub/session/302c7ae3-0aa8-4491-b403-b87d3c4e3630/elements - {"using":"css selector","value":".feedbackmessage.errormessage"}
RESULT: {"state":"success","sessionId":"302c7ae3-0aa8-4491-b403-b87d3c4e3630","hCode":96166363,"value":[{"ELEMENT":"8"}],"class":"org.openqa.selenium.remote.Response","status":0}
COMMAND: GET http://127.0.0.1:4444/wd/hub/session/302c7ae3-0aa8-4491-b403-b87d3c4e3630/element/8/text - {}
RESULT: {"state":"success","sessionId":"302c7ae3-0aa8-4491-b403-b87d3c4e3630","hCode":786013083,"value":"Invalid username or password","class":"org.openqa.selenium.remote.Response","status":0}
COMMAND: DELETE http://127.0.0.1:4444/wd/hub/session/302c7ae3-0aa8-4491-b403-b87d3c4e3630 - {}
RESULT: {"state":"success","sessionId":"302c7ae3-0aa8-4491-b403-b87d3c4e3630","hCode":1104009574,"value":null,"class":"org.openqa.selenium.remote.Response","status":0}
]]>
      </system-out>
    </testcase>
  </testsuite>
</testsuites>